<?xml version="1.0" encoding="UTF-8"?>
<!-- Generated by org.testng.reporters.JUnitReportReporter -->
<testsuite skipped="0" hostname="DESKTOP-A9S8UE0" name="com.digiCRMTest.autoqa.testcases.ContactsPageTest" tests="1" failures="0" timestamp="08 Feb 2020 07:44:15 GMT" time="38.209" errors="0">
  <testcase name="contactsPageTitleTest" time="38.209" classname="com.digiCRMTest.autoqa.testcases.ContactsPageTest"/>
</testsuite> <!-- com.digiCRMTest.autoqa.testcases.ContactsPageTest -->
