<?xml version="1.0" encoding="UTF-8"?>
<!-- Generated by org.testng.reporters.JUnitReportReporter -->
<testsuite skipped="0" hostname="DESKTOP-A9S8UE0" name="com.digiCRMTest.autoqa.testcases.ContactsPageTest" tests="1" failures="0" timestamp="01 Feb 2020 08:31:54 GMT" time="33.003" errors="0">
  <testcase name="contactsPageTitleTest" time="33.003" classname="com.digiCRMTest.autoqa.testcases.ContactsPageTest"/>
</testsuite> <!-- com.digiCRMTest.autoqa.testcases.ContactsPageTest -->
