<?xml version="1.0" encoding="UTF-8"?>
<!-- Generated by org.testng.reporters.JUnitReportReporter -->
<testsuite skipped="0" hostname="DESKTOP-A9S8UE0" name="com.digiCRMTest.autoqa.testcases.UserLandingPageTest" tests="4" failures="0" timestamp="26 Jan 2020 19:49:37 GMT" time="84.521" errors="0">
  <testcase name="ContactsLinkTest" time="21.183" classname="com.digiCRMTest.autoqa.testcases.UserLandingPageTest"/>
  <testcase name="userLandingPageTitleTest" time="19.580" classname="com.digiCRMTest.autoqa.testcases.UserLandingPageTest"/>
  <testcase name="userNameTest" time="21.673" classname="com.digiCRMTest.autoqa.testcases.UserLandingPageTest"/>
  <testcase name="dealLinkTest" time="22.085" classname="com.digiCRMTest.autoqa.testcases.UserLandingPageTest"/>
</testsuite> <!-- com.digiCRMTest.autoqa.testcases.UserLandingPageTest -->
