<?xml version="1.0" encoding="UTF-8"?>
<!-- Generated by org.testng.reporters.JUnitReportReporter -->
<testsuite skipped="0" hostname="DESKTOP-A9S8UE0" name="com.digiCRMTest.autoqa.testcases.HomePageTest" tests="2" failures="0" timestamp="26 Jan 2020 19:49:37 GMT" time="35.818" errors="0">
  <testcase name="homePageTitleTest" time="14.657" classname="com.digiCRMTest.autoqa.testcases.HomePageTest"/>
  <testcase name="LoginButtonTest" time="21.161" classname="com.digiCRMTest.autoqa.testcases.HomePageTest"/>
</testsuite> <!-- com.digiCRMTest.autoqa.testcases.HomePageTest -->
