<?xml version="1.0" encoding="UTF-8"?>
<!-- Generated by org.testng.reporters.JUnitReportReporter -->
<testsuite skipped="0" hostname="DESKTOP-A9S8UE0" name="com.digiCRMTest.autoqa.testcases.PasswordResetPageTest" tests="1" failures="0" timestamp="26 Jan 2020 19:49:37 GMT" time="25.399" errors="0">
  <testcase name="resetPasswordTest" time="25.399" classname="com.digiCRMTest.autoqa.testcases.PasswordResetPageTest"/>
</testsuite> <!-- com.digiCRMTest.autoqa.testcases.PasswordResetPageTest -->
