<?xml version="1.0" encoding="UTF-8"?>
<!-- Generated by org.testng.reporters.JUnitReportReporter -->
<testsuite skipped="0" hostname="DESKTOP-A9S8UE0" name="com.digiCRMTest.autoqa.testcases.LoginPageTest" tests="3" failures="0" timestamp="26 Jan 2020 19:49:37 GMT" time="62.400" errors="0">
  <testcase name="LoginTest" time="23.319" classname="com.digiCRMTest.autoqa.testcases.LoginPageTest"/>
  <testcase name="loginPageTitleTest" time="18.846" classname="com.digiCRMTest.autoqa.testcases.LoginPageTest"/>
  <testcase name="PasswordResetLinkTest" time="20.235" classname="com.digiCRMTest.autoqa.testcases.LoginPageTest"/>
</testsuite> <!-- com.digiCRMTest.autoqa.testcases.LoginPageTest -->
